  Compiling CUDA source file ..\GPU\GPUEngine.cu...
  
  C:\Users\Admin\Downloads\Kangaroo-1.7\Kangaroo-1.7\VC_CUDA10>"C:\Program Files\NVIDIA GPU Computing Toolkit\CUDA\v10.0\bin\nvcc.exe" -gencode=arch=compute_30,code=\"sm_30,compute_30\" -gencode=arch=compute_35,code=\"sm_35,compute_35\" -gencode=arch=compute_37,code=\"sm_37,compute_37\" -gencode=arch=compute_50,code=\"sm_50,compute_50\" -gencode=arch=compute_52,code=\"sm_52,compute_52\" -gencode=arch=compute_60,code=\"sm_60,compute_60\" -gencode=arch=compute_61,code=\"sm_61,compute_61\" -gencode=arch=compute_70,code=\"sm_70,compute_70\" -gencode=arch=compute_75,code=\"sm_75,compute_75\" --use-local-env -ccbin "C:\Program Files (x86)\Microsoft Visual Studio\2017\Community\VC\Tools\MSVC\14.16.27023\bin\HostX86\x64" -x cu  -I"C:\Program Files\NVIDIA GPU Computing Toolkit\CUDA\v10.0\include" -I"C:\Program Files\NVIDIA GPU Computing Toolkit\CUDA\v10.0\include"     --keep-dir x64\Release -maxrregcount=0 --ptxas-options=-v --machine 64 --compile -cudart static     -DWITHGPU -D_CRT_SECURE_NO_WARNINGS -DWIN32 -DWIN64 -DNDEBUG -D_CONSOLE -D_MBCS -Xcompiler "/EHsc /W3 /nologo /O2 /Fdx64\Release\vc141.pdb /FS /Zi  /MD " -o x64\Release\GPUEngine.cu.obj "C:\Users\Admin\Downloads\Kangaroo-1.7\Kangaroo-1.7\GPU\GPUEngine.cu" 
  ptxas info    : 0 bytes gmem, 3232 bytes cmem[3]
  ptxas info    : Compiling entry function '_Z14comp_kangaroosPyjPjy' for 'sm_30'
  ptxas info    : Function properties for _Z14comp_kangaroosPyjPjy
      20640 bytes stack frame, 8 bytes spill stores, 4 bytes spill loads
  ptxas info    : Used 63 registers, 3072 bytes smem, 352 bytes cmem[0], 4 bytes cmem[2]
  ptxas info    : Function properties for _Z14_ModInvGroupedPA4_y
      0 bytes stack frame, 8 bytes spill stores, 8 bytes spill loads
  ptxas info    : Function properties for _Z7_ModInvPy
      0 bytes stack frame, 224 bytes spill stores, 224 bytes spill loads
  ptxas info    : 0 bytes gmem, 3232 bytes cmem[3]
  ptxas info    : Compiling entry function '_Z14comp_kangaroosPyjPjy' for 'sm_35'
  ptxas info    : Function properties for _Z14comp_kangaroosPyjPjy
      20528 bytes stack frame, 0 bytes spill stores, 0 bytes spill loads
  ptxas info    : Used 111 registers, 3072 bytes smem, 352 bytes cmem[0]
  ptxas info    : Function properties for _Z14_ModInvGroupedPA4_y
      0 bytes stack frame, 0 bytes spill stores, 0 bytes spill loads
  ptxas info    : Function properties for _Z7_ModInvPy
      0 bytes stack frame, 0 bytes spill stores, 0 bytes spill loads
  ptxas info    : 0 bytes gmem, 3232 bytes cmem[3]
  ptxas info    : Compiling entry function '_Z14comp_kangaroosPyjPjy' for 'sm_37'
  ptxas info    : Function properties for _Z14comp_kangaroosPyjPjy
      20528 bytes stack frame, 0 bytes spill stores, 0 bytes spill loads
  ptxas info    : Used 111 registers, 3072 bytes smem, 352 bytes cmem[0]
  ptxas info    : Function properties for _Z14_ModInvGroupedPA4_y
      0 bytes stack frame, 0 bytes spill stores, 0 bytes spill loads
  ptxas info    : Function properties for _Z7_ModInvPy
      0 bytes stack frame, 0 bytes spill stores, 0 bytes spill loads
  ptxas info    : 0 bytes gmem, 3232 bytes cmem[3]
  ptxas info    : Compiling entry function '_Z14comp_kangaroosPyjPjy' for 'sm_50'
  ptxas info    : Function properties for _Z14comp_kangaroosPyjPjy
      20528 bytes stack frame, 0 bytes spill stores, 0 bytes spill loads
  ptxas info    : Used 113 registers, 3072 bytes smem, 352 bytes cmem[0]
  ptxas info    : Function properties for _Z14_ModInvGroupedPA4_y
      0 bytes stack frame, 0 bytes spill stores, 0 bytes spill loads
  ptxas info    : Function properties for _Z7_ModInvPy
      0 bytes stack frame, 0 bytes spill stores, 0 bytes spill loads
  ptxas info    : 0 bytes gmem, 3232 bytes cmem[3]
  ptxas info    : Compiling entry function '_Z14comp_kangaroosPyjPjy' for 'sm_52'
  ptxas info    : Function properties for _Z14comp_kangaroosPyjPjy
      20528 bytes stack frame, 0 bytes spill stores, 0 bytes spill loads
  ptxas info    : Used 113 registers, 3072 bytes smem, 352 bytes cmem[0]
  ptxas info    : Function properties for _Z14_ModInvGroupedPA4_y
      0 bytes stack frame, 0 bytes spill stores, 0 bytes spill loads
  ptxas info    : Function properties for _Z7_ModInvPy
      0 bytes stack frame, 0 bytes spill stores, 0 bytes spill loads
  ptxas info    : 0 bytes gmem, 3232 bytes cmem[3]
  ptxas info    : Compiling entry function '_Z14comp_kangaroosPyjPjy' for 'sm_60'
  ptxas info    : Function properties for _Z14comp_kangaroosPyjPjy
      20528 bytes stack frame, 0 bytes spill stores, 0 bytes spill loads
  ptxas info    : Used 112 registers, 3072 bytes smem, 352 bytes cmem[0]
  ptxas info    : Function properties for _Z14_ModInvGroupedPA4_y
      0 bytes stack frame, 0 bytes spill stores, 0 bytes spill loads
  ptxas info    : Function properties for _Z7_ModInvPy
      0 bytes stack frame, 0 bytes spill stores, 0 bytes spill loads
  ptxas info    : 0 bytes gmem, 3232 bytes cmem[3]
  ptxas info    : Compiling entry function '_Z14comp_kangaroosPyjPjy' for 'sm_61'
  ptxas info    : Function properties for _Z14comp_kangaroosPyjPjy
      20528 bytes stack frame, 0 bytes spill stores, 0 bytes spill loads
  ptxas info    : Used 113 registers, 3072 bytes smem, 352 bytes cmem[0]
  ptxas info    : Function properties for _Z14_ModInvGroupedPA4_y
      0 bytes stack frame, 0 bytes spill stores, 0 bytes spill loads
  ptxas info    : Function properties for _Z7_ModInvPy
      0 bytes stack frame, 0 bytes spill stores, 0 bytes spill loads
  ptxas info    : 0 bytes gmem, 3232 bytes cmem[3]
  ptxas info    : Compiling entry function '_Z14comp_kangaroosPyjPjy' for 'sm_70'
  ptxas info    : Function properties for _Z14comp_kangaroosPyjPjy
      20528 bytes stack frame, 0 bytes spill stores, 0 bytes spill loads
  ptxas info    : Used 122 registers, 3072 bytes smem, 384 bytes cmem[0]
  ptxas info    : Function properties for _Z14_ModInvGroupedPA4_y
      0 bytes stack frame, 0 bytes spill stores, 0 bytes spill loads
  ptxas info    : Function properties for _Z7_ModInvPy
      0 bytes stack frame, 0 bytes spill stores, 0 bytes spill loads
  ptxas info    : 0 bytes gmem, 3232 bytes cmem[3]
  ptxas info    : Compiling entry function '_Z14comp_kangaroosPyjPjy' for 'sm_75'
  ptxas info    : Function properties for _Z14comp_kangaroosPyjPjy
      20528 bytes stack frame, 0 bytes spill stores, 0 bytes spill loads
  ptxas info    : Used 118 registers, 3072 bytes smem, 384 bytes cmem[0]
  ptxas info    : Function properties for _Z14_ModInvGroupedPA4_y
      0 bytes stack frame, 0 bytes spill stores, 0 bytes spill loads
  ptxas info    : Function properties for _Z7_ModInvPy
      0 bytes stack frame, 0 bytes spill stores, 0 bytes spill loads
  GPUEngine.cu
  Backup.cpp
  Check.cpp
  Kangaroo.cpp
  Network.cpp
c:\users\admin\downloads\kangaroo-1.7\kangaroo-1.7\network.cpp(427): warning C4996: 'inet_ntoa': Use inet_ntop() or InetNtop() instead or define _WINSOCK_DEPRECATED_NO_WARNINGS to disable deprecated API warnings
  c:\program files (x86)\windows kits\10\include\10.0.17763.0\um\winsock2.h(1849): note:  см. объявление "inet_ntoa"
c:\users\admin\downloads\kangaroo-1.7\kangaroo-1.7\network.cpp(541): warning C4996: 'gethostbyname': Use getaddrinfo() or GetAddrInfoW() instead or define _WINSOCK_DEPRECATED_NO_WARNINGS to disable deprecated API warnings
  c:\program files (x86)\windows kits\10\include\10.0.17763.0\um\winsock2.h(2219): note:  см. объявление "gethostbyname"
  Thread.cpp
  main.cpp
     Создается библиотека C:\Users\Admin\Downloads\Kangaroo-1.7\Kangaroo-1.7\VC_CUDA10\x64\Release\Kangaroo.lib и объект C:\Users\Admin\Downloads\Kangaroo-1.7\Kangaroo-1.7\VC_CUDA10\x64\Release\Kangaroo.exp
  Создание кода
  9 of 900 functions ( 1.0%) were compiled, the rest were copied from previous compilation.
    0 functions were new in current compilation
    7 functions had inline decision re-evaluated but remain unchanged
  Создание кода завершено
  Kangaroo.vcxproj -> C:\Users\Admin\Downloads\Kangaroo-1.7\Kangaroo-1.7\VC_CUDA10\x64\Release\Kangaroo.exe
