c:\users\admin\downloads\kangaroo-1.7\kangaroo-1.7\vc_cuda10\x64\release\vc141.pdb
c:\users\admin\downloads\kangaroo-1.7\kangaroo-1.7\vc_cuda10\x64\release\kangaroo.obj
c:\users\admin\downloads\kangaroo-1.7\kangaroo-1.7\vc_cuda10\x64\release\timer.obj
c:\users\admin\downloads\kangaroo-1.7\kangaroo-1.7\vc_cuda10\x64\release\thread.obj
c:\users\admin\downloads\kangaroo-1.7\kangaroo-1.7\vc_cuda10\x64\release\secp256k1.obj
c:\users\admin\downloads\kangaroo-1.7\kangaroo-1.7\vc_cuda10\x64\release\random.obj
c:\users\admin\downloads\kangaroo-1.7\kangaroo-1.7\vc_cuda10\x64\release\point.obj
c:\users\admin\downloads\kangaroo-1.7\kangaroo-1.7\vc_cuda10\x64\release\main.obj
c:\users\admin\downloads\kangaroo-1.7\kangaroo-1.7\vc_cuda10\x64\release\intmod.obj
c:\users\admin\downloads\kangaroo-1.7\kangaroo-1.7\vc_cuda10\x64\release\intgroup.obj
c:\users\admin\downloads\kangaroo-1.7\kangaroo-1.7\vc_cuda10\x64\release\int.obj
c:\users\admin\downloads\kangaroo-1.7\kangaroo-1.7\vc_cuda10\x64\release\network.obj
c:\users\admin\downloads\kangaroo-1.7\kangaroo-1.7\vc_cuda10\x64\release\hashtable.obj
c:\users\admin\downloads\kangaroo-1.7\kangaroo-1.7\vc_cuda10\x64\release\check.obj
c:\users\admin\downloads\kangaroo-1.7\kangaroo-1.7\vc_cuda10\x64\release\backup.obj
c:\users\admin\downloads\kangaroo-1.7\kangaroo-1.7\vc_cuda10\x64\release\kangaroo.lib
c:\users\admin\downloads\kangaroo-1.7\kangaroo-1.7\vc_cuda10\x64\release\kangaroo.exp
c:\users\admin\downloads\kangaroo-1.7\kangaroo-1.7\vc_cuda10\x64\release\kangaroo.ipdb
c:\users\admin\downloads\kangaroo-1.7\kangaroo-1.7\vc_cuda10\x64\release\kangaroo.iobj
c:\users\admin\downloads\kangaroo-1.7\kangaroo-1.7\vc_cuda10\x64\release\kangaroo.exe
c:\users\admin\downloads\kangaroo-1.7\kangaroo-1.7\vc_cuda10\x64\release\kangaroo.pdb
c:\users\admin\downloads\kangaroo-1.7\kangaroo-1.7\vc_cuda10\x64\release\gpuengine.cu.cache
c:\users\admin\downloads\kangaroo-1.7\kangaroo-1.7\vc_cuda10\x64\release\gpuengine.cu.obj
c:\users\admin\downloads\kangaroo-1.7\kangaroo-1.7\vc_cuda10\x64\release\kangaroo.tlog\cl.command.1.tlog
c:\users\admin\downloads\kangaroo-1.7\kangaroo-1.7\vc_cuda10\x64\release\kangaroo.tlog\cl.read.1.tlog
c:\users\admin\downloads\kangaroo-1.7\kangaroo-1.7\vc_cuda10\x64\release\kangaroo.tlog\cl.write.1.tlog
c:\users\admin\downloads\kangaroo-1.7\kangaroo-1.7\vc_cuda10\x64\release\kangaroo.tlog\kangaroo.write.1u.tlog
c:\users\admin\downloads\kangaroo-1.7\kangaroo-1.7\vc_cuda10\x64\release\kangaroo.tlog\link.command.1.tlog
c:\users\admin\downloads\kangaroo-1.7\kangaroo-1.7\vc_cuda10\x64\release\kangaroo.tlog\link.read.1.tlog
c:\users\admin\downloads\kangaroo-1.7\kangaroo-1.7\vc_cuda10\x64\release\kangaroo.tlog\link.write.1.tlog
